#
# A fatal error has been detected by the Java Runtime Environment:
#
#  SIGSEGV (0xb) at pc=0x00007f312501ebf7, pid=6364, tid=139849253504768
#
# JRE version: Java(TM) SE Runtime Environment (7.0_80-b15) (build 1.7.0_80-b15)
# Java VM: Java HotSpot(TM) 64-Bit Server VM (24.80-b11 mixed mode linux-amd64 compressed oops)
# Problematic frame:
# j  sbt.Util$$anonfun$1.apply(Lscala/Tuple2;Ljava/lang/Object;)Lscala/Tuple2;+9
#
# Failed to write core dump. Core dumps have been disabled. To enable core dumping, try "ulimit -c unlimited" before starting Java again
#
# If you would like to submit a bug report, please visit:
#   http://bugreport.java.com/bugreport/crash.jsp
#

---------------  T H R E A D  ---------------

Current thread (0x00007f312800a000):  JavaThread "main" [_thread_in_Java, id=6365, stack(0x00007f313103c000,0x00007f313113d000)]

siginfo:si_signo=SIGSEGV: si_errno=0, si_code=1 (SEGV_MAPERR), si_addr=0x000000002c7d6250

Registers:
RAX=0x00000000b860f770, RBX=0x0000000000000022, RCX=0x00000000b8b29df0, RDX=0x000000002c7d6248
RSP=0x00007f31311395d0, RBP=0x00007f3131139620, RSI=0x00007f3131139570, RDI=0x00000000b860cb78
R8 =0x00000000f3fda9e0, R9 =0x0000000000005300, R10=0x00007f3130513300, R11=0x000000002c7d6248
R12=0x0000000000000000, R13=0x00000000b8b2a146, R14=0x00007f3131139640, R15=0x00007f312800a000
RIP=0x00007f312501ebf7, EFLAGS=0x0000000000010246, CSGSFS=0x0000000000000033, ERR=0x0000000000000004
  TRAPNO=0x000000000000000e

Top of Stack: (sp=0x00007f31311395d0)
0x00007f31311395d0:   00000000f3c17d38 00000000f41f4178
0x00007f31311395e0:   00007f31311395e0 00000000b8b2a141
0x00007f31311395f0:   00007f3131139640 00000000b8b2b0b8
0x00007f3131139600:   0000000000000000 00000000b8b2a178
0x00007f3131139610:   0000000000000000 00007f3131139630
0x00007f3131139620:   00007f3131139688 00007f3125006233
0x00007f3131139630:   000000002c7d6248 00000000f3c17d38
0x00007f3131139640:   00000000f3c15bc8 00007f3131139648
0x00007f3131139650:   00000000b8b2a23e 00007f31311396a8
0x00007f3131139660:   00000000b8b2b0b8 0000000000000000
0x00007f3131139670:   00000000b8b2a270 00007f3131139630
0x00007f3131139680:   00007f3131139698 00007f31311396f0
0x00007f3131139690:   00007f31250068e1 000000002c7d6248
0x00007f31311396a0:   00000000f3c17d38 00000000f3c15bc8
0x00007f31311396b0:   00007f31311396b0 00000000b87004e2
0x00007f31311396c0:   00007f3131139720 00000000b8702110
0x00007f31311396d0:   00000000ba47be68 00000000b8700548
0x00007f31311396e0:   00007f3131139698 00007f3131139710
0x00007f31311396f0:   00007f3131139768 00007f3125006233
0x00007f3131139700:   00000000f37d6258 00000000f3c17d38
0x00007f3131139710:   00000000f3c15bc8 00000000f3c15bb0
0x00007f3131139720:   00000000f35d2d90 00007f3131139728
0x00007f3131139730:   00000000b85e8f8b 00007f3131139788
0x00007f3131139740:   00000000b86b5f10 0000000000000000
0x00007f3131139750:   00000000b85e8fc0 00007f3131139710
0x00007f3131139760:   00007f3131139778 00007f31311397d0
0x00007f3131139770:   00007f31250068e1 00000000f3c15bc8
0x00007f3131139780:   00000000f3c15bb0 00000000f35d2d90
0x00007f3131139790:   00007f3131139790 00000000b86b9173
0x00007f31311397a0:   00007f31311397f0 00000000b86bcf98
0x00007f31311397b0:   0000000000000000 00000000b86b91a8
0x00007f31311397c0:   00007f3131139778 00007f31311397e0 

Instructions: (pc=0x00007f312501ebf7)
0x00007f312501ebd7:   00 00 00 00 00 4d 89 97 28 02 00 00 4c 8b 6d c8
0x00007f312501ebe7:   4c 8b 75 d0 c3 5a eb 08 48 8b d0 48 8b 44 d9 40
0x00007f312501ebf7:   8b 5a 08 48 8b 4d e0 48 85 c9 0f 84 8a 00 00 00
0x00007f312501ec07:   48 8b 79 10 48 3b fb 0f 85 0f 00 00 00 48 83 41 

Register to memory mapping:

RAX=0x00000000b860f770 is an oop
{instance class} 
 - klass: {other class}
RBX=0x0000000000000022 is an unknown value
RCX=0x00000000b8b29df0 is an oop
{constant pool} 
 - klass: {other class}
 - holder: 0x00000000b8b2a418
 - cache: 0x00000000b8b2b0b8
 -   1 :  : 'sbt/Util$$anonfun$1'
 -   2 :  : 'sbt/Util$$anonfun$1' {0xb8b2a418}
 -   3 :  : 'Lscala/runtime/AbstractFunction2<Lscala/Tuple2<Lscala/collection/Seq<TA;>;Lscala/collection/Seq<TB;>;>;TT;Lscala/Tuple2<Lscala/collection/Seq<TA;>;Lscala/collection/Seq<TB;>;>;>;Lscala/Serializable;'
 -   4 :  : 'scala/runtime/AbstractFunction2'
 -   5 :  : 'scala/runtime/AbstractFunction2' {0xb85ce360}
 -   6 :  : 'scala/Serializable'
 -   7 :  : 'scala/Serializable'
 -   8 :  : 'Util.scala'
 -   9 :  : 'sbt/Util$'
 -  10 :  : 'sbt/Util$' {0xb89284a8}
 -  11 :  : '<init>'
 -  12 :  : '()V'
 -  13 :  : name_index=11 signature_index=12
 -  14 :  : 'serialVersionUID'
 -  15 :  : 'J'
 -  16 :  : 0
 -  18 :  : 'f$1'
 -  19 :  : 'Lscala/Function1;'
 -  20 :  : 'apply'
 -  21 :  : '(Lscala/Tuple2;Ljava/lang/Object;)Lscala/Tuple2;'
 -  22 :  : 'MODULE$'
 -  23 :  : 'Lsbt/Util$;'
 -  24 :  : name_index=22 signature_index=23
 -  25 :  : klass_index=10 name_and_type_index=24
 -  26 :  : name_index=18 signature_index=19
 -  27 :  : klass_index=2 name_and_type_index=26
 -  28 :  : 'scala/Function1'
 -  29 :  : 'scala/Function1' {0xb85996b0}
 -  30 :  : '(Ljava/lang/Object;)Ljava/lang/Object;'
 -  31 :  : name_index=20 signature_index=30
 -  32 :  : klass_index=29 name_and_type_index=31
 -  33 :  : 'scala/util/Either'
 -  34 :  : 'scala/util/Either' {0xb860f770}
 -  35 :  : 'prependEither'
 -  36 :  : '(Lscala/Tuple2;Lscala/util/Either;)Lscala/Tuple2;'
 -  37 :  : name_index=35 signature_index=36
 -  38 :  : klass_index=10 name_and_type_index=37
 -  39 :  : 'this'
 -  40 :  : 'Lsbt/Util$$anonfun$1;'
 -  41 :  : 'xs'
 -  42 :  : 'Lscala/Tuple2;'
 -  43 :  : 'y'
 -  44 :  : 'Ljava/lang/Object;'
 -  45 :  : '(Ljava/lang/Object;Ljava/lang/Object;)Ljava/lang/Object;'
 -  46 :  : 'scala/Tuple2'
 -  47 :  : 'scala/Tuple2' {0xb87fe370}
 -  48 :  : name_index=20 signature_index=21
 -  49 :  : klass_index=2 name_and_type_index=48
 -  50 :  : 'v1'
 -  51 :  : 'v2'
 -  52 :  : '(Lscala/Function1;)V'
 -  53 :  : klass_index=5 name_and_type_index=13
 -  54 :  : 'sbt/Util'
 -  55 :  : 'sbt/Util'
 -  56 :  : 'ConstantValue'
 -  57 :  : 'Code'
 -  58 :  : 'LocalVariableTable'
 -  59 :  : 'LineNumberTable'
 -  60 :  : 'Signature'
 -  61 :  : '(Lscala/Tuple2<Lscala/collection/Seq<TA;>;Lscala/collection/Seq<TB;>;>;TT;)Lscala/Tuple2<Lscala/collection/Seq<TA;>;Lscala/collection/Seq<TB;>;>;'
 -  62 :  : 'SourceFile'
 -  63 :  : 'EnclosingMethod'
 -  64 :  : 'InnerClasses'
 -  65 :  : 'Scala'

RDX=0x000000002c7d6248 is an unknown value
RSP=0x00007f31311395d0 is pointing into the stack for thread: 0x00007f312800a000
RBP=0x00007f3131139620 is pointing into the stack for thread: 0x00007f312800a000
RSI=0x00007f3131139570 is pointing into the stack for thread: 0x00007f312800a000
RDI=0x00000000b860cb78 is an oop
{instance class} 
 - klass: {other class}
R8 =0x00000000f3fda9e0 is an oop
scala.collection.immutable.Nil$ 
 - klass: 'scala/collection/immutable/Nil$'
R9 =0x0000000000005300 is an unknown value
R10=0x00007f3130513300: <offset 0xe55300> in /usr/lib/jvm/java-7-oracle/jre/lib/amd64/server/libjvm.so at 0x00007f312f6be000
R11=0x000000002c7d6248 is an unknown value
R12=0x0000000000000000 is an unknown value
R13=0x00000000b8b2a146 is pointing into object: 0x00000000b8b2a0f8
{constMethod} 
 - klass: {other class}
 - constants:       0x00000000b8b29df0 constant pool [66] for 'sbt/Util$$anonfun$1' cache=0x00000000b8b2b0b8
bci_from(0xb8b2a146) = 14; print_codes():
R14=0x00007f3131139640 is pointing into the stack for thread: 0x00007f312800a000
R15=0x00007f312800a000 is a thread


Stack: [0x00007f313103c000,0x00007f313113d000],  sp=0x00007f31311395d0,  free space=1013k
Native frames: (J=compiled Java code, j=interpreted, Vv=VM code, C=native code)
j  sbt.Util$$anonfun$1.apply(Lscala/Tuple2;Ljava/lang/Object;)Lscala/Tuple2;+9
j  sbt.Util$$anonfun$1.apply(Ljava/lang/Object;Ljava/lang/Object;)Ljava/lang/Object;+6
j  scala.collection.LinearSeqOptimized$class.foldLeft(Lscala/collection/LinearSeqOptimized;Ljava/lang/Object;Lscala/Function2;)Ljava/lang/Object;+26
j  scala.collection.immutable.List.foldLeft(Ljava/lang/Object;Lscala/Function2;)Ljava/lang/Object;+3
j  scala.collection.TraversableOnce$class.$div$colon(Lscala/collection/TraversableOnce;Ljava/lang/Object;Lscala/Function2;)Ljava/lang/Object;+3
j  scala.collection.AbstractTraversable.$div$colon(Ljava/lang/Object;Lscala/Function2;)Ljava/lang/Object;+3
j  sbt.Util$.separate(Lscala/collection/Seq;Lscala/Function1;)Lscala/Tuple2;+26
j  sbt.Util$.separateE(Lscala/collection/Seq;)Lscala/Tuple2;+8
j  sbt.IMap$IMap0.mapSeparate(Lsbt/$tilde$greater;)Lscala/Tuple2;+33
j  sbt.Init$class.delegate(Lsbt/Init;Lsbt/IMap;Lscala/Function1;Lsbt/Show;)Lsbt/IMap;+15
j  sbt.Def$.delegate(Lsbt/IMap;Lscala/Function1;Lsbt/Show;)Lsbt/IMap;+4
j  sbt.Init$class.compiled(Lsbt/Init;Lscala/collection/Seq;ZLscala/Function1;Lscala/Function1;Lsbt/Show;)Lscala/collection/immutable/Map;+38
j  sbt.Def$.compiled(Lscala/collection/Seq;ZLscala/Function1;Lscala/Function1;Lsbt/Show;)Lscala/collection/immutable/Map;+8
j  sbt.Init$class.make(Lsbt/Init;Lscala/collection/Seq;Lscala/Function1;Lscala/Function1;Lsbt/Show;)Lsbt/Settings;+12
j  sbt.Def$.make(Lscala/collection/Seq;Lscala/Function1;Lscala/Function1;Lsbt/Show;)Lsbt/Settings;+6
j  sbt.Load$.apply(Ljava/io/File;Lsbt/State;Lsbt/LoadBuildConfiguration;)Lscala/Tuple2;+105
j  sbt.Load$.buildPluginDefinition(Ljava/io/File;Lsbt/State;Lsbt/LoadBuildConfiguration;)Lsbt/PluginData;+4
j  sbt.Load$.buildPlugins(Ljava/io/File;Lsbt/State;Lsbt/LoadBuildConfiguration;)Lsbt/LoadedPlugins;+7
j  sbt.Load$.plugins(Ljava/io/File;Lsbt/State;Lsbt/LoadBuildConfiguration;)Lsbt/LoadedPlugins;+20
j  sbt.Load$.loadUnit(Ljava/net/URI;Ljava/io/File;Lsbt/State;Lsbt/LoadBuildConfiguration;)Lsbt/BuildUnit;+167
j  sbt.Load$$anonfun$18$$anonfun$apply$11.apply()Lsbt/BuildUnit;+31
j  sbt.Load$$anonfun$18$$anonfun$apply$11.apply()Ljava/lang/Object;+1
j  sbt.BuildLoader$$anonfun$componentLoader$1$$anonfun$apply$4$$anonfun$apply$5$$anonfun$apply$6.apply()Lsbt/BuildUnit;+4
j  sbt.BuildLoader$$anonfun$componentLoader$1$$anonfun$apply$4$$anonfun$apply$5$$anonfun$apply$6.apply()Ljava/lang/Object;+1
j  sbt.BuildLoader.apply(Ljava/net/URI;)Lsbt/BuildUnit;+53
j  sbt.Load$.loadAll(Lscala/collection/immutable/List;Lscala/collection/immutable/Map;Lsbt/BuildLoader;Lscala/collection/immutable/Map;)Lscala/Tuple3;+65
j  sbt.Load$.loadURI(Ljava/net/URI;Lsbt/BuildLoader;Lscala/collection/immutable/List;)Lsbt/PartBuild;+36
j  sbt.Load$.load(Ljava/io/File;Lsbt/BuildLoader;Lscala/collection/immutable/List;)Lsbt/PartBuild;+10
j  sbt.Load$.load(Ljava/io/File;Lsbt/State;Lsbt/LoadBuildConfiguration;)Lsbt/PartBuild;+126
j  sbt.Load$.apply(Ljava/io/File;Lsbt/State;Lsbt/LoadBuildConfiguration;)Lscala/Tuple2;+27
j  sbt.Load$.defaultLoad(Lsbt/State;Ljava/io/File;Lsbt/Logger;ZLscala/collection/immutable/List;)Lscala/Tuple2;+204
j  sbt.BuiltinCommands$.doLoadProject(Lsbt/State;Lscala/Enumeration$Value;)Lsbt/State;+154
j  sbt.BuiltinCommands$$anonfun$loadProjectImpl$2.apply(Lsbt/State;Lscala/Enumeration$Value;)Lsbt/State;+5
j  sbt.BuiltinCommands$$anonfun$loadProjectImpl$2.apply(Ljava/lang/Object;Ljava/lang/Object;)Ljava/lang/Object;+9
j  sbt.Command$$anonfun$applyEffect$1$$anonfun$apply$2.apply(Ljava/lang/Object;)Lsbt/State;+12
j  sbt.Command$$anonfun$applyEffect$1$$anonfun$apply$2.apply(Ljava/lang/Object;)Ljava/lang/Object;+2
j  sbt.Command$$anonfun$applyEffect$2$$anonfun$apply$3.apply()Lsbt/State;+11
j  sbt.Command$$anonfun$applyEffect$2$$anonfun$apply$3.apply()Ljava/lang/Object;+1
j  sbt.Command$.process(Ljava/lang/String;Lsbt/State;)Lsbt/State;+55
j  sbt.MainLoop$$anonfun$1$$anonfun$apply$1.apply(Ljava/lang/String;Lsbt/State;)Lsbt/State;+5
j  sbt.MainLoop$$anonfun$1$$anonfun$apply$1.apply(Ljava/lang/Object;Ljava/lang/Object;)Ljava/lang/Object;+9
j  sbt.State$$anon$1.process(Lscala/Function2;)Lsbt/State;+270
j  sbt.MainLoop$$anonfun$1.apply()Lsbt/State;+18
j  sbt.MainLoop$$anonfun$1.apply()Ljava/lang/Object;+1
j  sbt.ErrorHandling$.wideConvert(Lscala/Function0;)Lscala/util/Either;+7
j  sbt.MainLoop$.next(Lsbt/State;)Lsbt/State;+17
j  sbt.MainLoop$.run(Lsbt/State;)Lsbt/MainLoop$RunNext;+34
j  sbt.MainLoop$$anonfun$runWithNewLog$1.apply(Ljava/io/BufferedWriter;)Lsbt/MainLoop$RunNext;+151
j  sbt.MainLoop$$anonfun$runWithNewLog$1.apply(Ljava/lang/Object;)Ljava/lang/Object;+5
j  sbt.Using.apply(Ljava/lang/Object;Lscala/Function1;)Ljava/lang/Object;+8
j  sbt.MainLoop$.runWithNewLog(Lsbt/State;Lsbt/GlobalLogBacking;)Lsbt/MainLoop$RunNext;+35
j  sbt.MainLoop$.runAndClearLast(Lsbt/State;Lsbt/GlobalLogBacking;)Lsbt/MainLoop$RunNext;+3
j  sbt.MainLoop$.runLoggedLoop(Lsbt/State;Lsbt/GlobalLogBacking;)Lxsbti/MainResult;+3
j  sbt.MainLoop$.runLogged(Lsbt/State;)Lxsbti/MainResult;+31
j  sbt.StandardMain$.runManaged(Lsbt/State;)Lxsbti/MainResult;+11
j  sbt.xMain.run(Lxsbti/AppConfiguration;)Lxsbti/MainResult;+100
j  xsbt.boot.Launch$$anonfun$run$1.apply()Ljava/lang/Object;+10
j  xsbt.boot.Launch$.withContextLoader(Ljava/lang/ClassLoader;Lscala/Function0;)Ljava/lang/Object;+15
j  xsbt.boot.Launch$.run(Lxsbti/Launcher;Lxsbt/boot/RunConfiguration;)Lxsbti/MainResult;+97
j  xsbt.boot.Launch$$anonfun$apply$1.apply(Ljava/lang/Object;)Ljava/lang/Object;+16
j  xsbt.boot.Launch$.launch(Lscala/Function1;Lxsbt/boot/RunConfiguration;)Lscala/Option;+2
j  xsbt.boot.Launch$.apply(Lxsbt/boot/LauncherArguments;)Lscala/Option;+876
j  xsbt.boot.Boot$.runImpl(Lxsbt/boot/LauncherArguments;)Lscala/Option;+4
j  xsbt.boot.Boot$.main([Ljava/lang/String;)V+291
j  xsbt.boot.Boot.main([Ljava/lang/String;)V+4
v  ~StubRoutines::call_stub
V  [libjvm.so+0x6020a5]  JavaCalls::call_helper(JavaValue*, methodHandle*, JavaCallArguments*, Thread*)+0x365
V  [libjvm.so+0x600b08]  JavaCalls::call(JavaValue*, methodHandle, JavaCallArguments*, Thread*)+0x28
V  [libjvm.so+0x63abb9]  jni_invoke_static(JNIEnv_*, JavaValue*, _jobject*, JNICallType, _jmethodID*, JNI_ArgumentPusher*, Thread*)+0x219
V  [libjvm.so+0x6437d2]  jni_CallStaticVoidMethod+0x162
C  [libjli.so+0x36d9]  JavaMain+0x7e9


---------------  P R O C E S S  ---------------

Java Threads: ( => current thread )
  0x00007f31281e9000 JavaThread "Service Thread" daemon [_thread_blocked, id=6383, stack(0x00007f312111b000,0x00007f312121c000)]
  0x00007f31281e7000 JavaThread "C2 CompilerThread1" daemon [_thread_blocked, id=6382, stack(0x00007f312121c000,0x00007f312131d000)]
  0x00007f31281e4000 JavaThread "C2 CompilerThread0" daemon [_thread_blocked, id=6381, stack(0x00007f312131d000,0x00007f312141e000)]
  0x00007f31281e1800 JavaThread "Signal Dispatcher" daemon [_thread_blocked, id=6380, stack(0x00007f312141e000,0x00007f312151f000)]
  0x00007f31281c0000 JavaThread "Finalizer" daemon [_thread_blocked, id=6379, stack(0x00007f3121ef3000,0x00007f3121ff4000)]
  0x00007f31281be000 JavaThread "Reference Handler" daemon [_thread_blocked, id=6378, stack(0x00007f3121ff4000,0x00007f31220f5000)]
=>0x00007f312800a000 JavaThread "main" [_thread_in_Java, id=6365, stack(0x00007f313103c000,0x00007f313113d000)]

Other Threads:
  0x00007f31281b9800 VMThread [stack: 0x00007f31220f5000,0x00007f31221f6000] [id=6377]
  0x00007f31281f4000 WatcherThread [stack: 0x00007f312101a000,0x00007f312111b000] [id=6384]

VM state:not at safepoint (normal execution)

VM Mutex/Monitor currently owned by a thread: None

Heap
 PSYoungGen      total 69632K, used 67675K [0x00000000f0000000, 0x00000000f8800000, 0x0000000100000000)
  eden space 64512K, 96% used [0x00000000f0000000,0x00000000f3d19f78,0x00000000f3f00000)
  from space 5120K, 99% used [0x00000000f3f00000,0x00000000f43fcf88,0x00000000f4400000)
  to   space 5120K, 0% used [0x00000000f8300000,0x00000000f8300000,0x00000000f8800000)
 ParOldGen       total 83968K, used 12387K [0x00000000d0000000, 0x00000000d5200000, 0x00000000f0000000)
  object space 83968K, 14% used [0x00000000d0000000,0x00000000d0c18f28,0x00000000d5200000)
 PSPermGen       total 37888K, used 37380K [0x00000000b8000000, 0x00000000ba500000, 0x00000000d0000000)
  object space 37888K, 98% used [0x00000000b8000000,0x00000000ba481270,0x00000000ba500000)

Card table byte_map: [0x00007f312e0db000,0x00007f312e31c000] byte_map_base: 0x00007f312db1b000

Polling page: 0x00007f3131159000

Code Cache  [0x00007f3125000000, 0x00007f3125270000, 0x00007f3128000000)
 total_blobs=851 nmethods=522 adapters=281 free_code_cache=48021Kb largest_free_block=49133056

Compilation events (10 events):
Event: 4,383 Thread 0x00007f31281e7000 nmethod 525 0x00007f3125112450 code [0x00007f31251125a0, 0x00007f31251126b8]
Event: 4,388 Thread 0x00007f31281e7000  529             sbt.ProjectRef::productElement (51 bytes)
Event: 4,389 Thread 0x00007f31281e7000 nmethod 529 0x00007f3125112210 code [0x00007f3125112340, 0x00007f31251123b8]
Event: 4,389 Thread 0x00007f31281e7000  530             sbt.Init$ScopedKey::<init> (48 bytes)
Event: 4,390 Thread 0x00007f31281e7000 nmethod 530 0x00007f3125111e90 code [0x00007f3125111fe0, 0x00007f31251120f8]
Event: 4,390 Thread 0x00007f31281e7000  531             sbt.SharedAttributeKey::equals (105 bytes)
Event: 4,391 Thread 0x00007f31281e7000 nmethod 531 0x00007f3125111a10 code [0x00007f3125111b60, 0x00007f3125111d38]
Event: 4,395 Thread 0x00007f31281e7000  532             sbt.ProjectRef::equals (109 bytes)
Event: 4,400 Thread 0x00007f31281e4000 nmethod 528 0x00007f3125120310 code [0x00007f31251204a0, 0x00007f3125120838]
Event: 4,412 Thread 0x00007f31281e7000 nmethod 532 0x00007f3125120e10 code [0x00007f3125120fe0, 0x00007f3125121b68]

GC Heap History (6 events):
Event: 0,717 GC heap before
{Heap before GC invocations=1 (full 0):
 PSYoungGen      total 37376K, used 32256K [0x00000000f0000000, 0x00000000f2980000, 0x0000000100000000)
  eden space 32256K, 100% used [0x00000000f0000000,0x00000000f1f80000,0x00000000f1f80000)
  from space 5120K, 0% used [0x00000000f2480000,0x00000000f2480000,0x00000000f2980000)
  to   space 5120K, 0% used [0x00000000f1f80000,0x00000000f1f80000,0x00000000f2480000)
 ParOldGen       total 83968K, used 0K [0x00000000d0000000, 0x00000000d5200000, 0x00000000f0000000)
  object space 83968K, 0% used [0x00000000d0000000,0x00000000d0000000,0x00000000d5200000)
 PSPermGen       total 21504K, used 11136K [0x00000000b8000000, 0x00000000b9500000, 0x00000000d0000000)
  object space 21504K, 51% used [0x00000000b8000000,0x00000000b8ae0350,0x00000000b9500000)
Event: 0,731 GC heap after
Heap after GC invocations=1 (full 0):
 PSYoungGen      total 37376K, used 5092K [0x00000000f0000000, 0x00000000f4900000, 0x0000000100000000)
  eden space 32256K, 0% used [0x00000000f0000000,0x00000000f0000000,0x00000000f1f80000)
  from space 5120K, 99% used [0x00000000f1f80000,0x00000000f24790a0,0x00000000f2480000)
  to   space 5120K, 0% used [0x00000000f4400000,0x00000000f4400000,0x00000000f4900000)
 ParOldGen       total 83968K, used 1318K [0x00000000d0000000, 0x00000000d5200000, 0x00000000f0000000)
  object space 83968K, 1% used [0x00000000d0000000,0x00000000d0149890,0x00000000d5200000)
 PSPermGen       total 21504K, used 11136K [0x00000000b8000000, 0x00000000b9500000, 0x00000000d0000000)
  object space 21504K, 51% used [0x00000000b8000000,0x00000000b8ae0350,0x00000000b9500000)
}
Event: 1,410 GC heap before
{Heap before GC invocations=2 (full 0):
 PSYoungGen      total 37376K, used 37348K [0x00000000f0000000, 0x00000000f4900000, 0x0000000100000000)
  eden space 32256K, 100% used [0x00000000f0000000,0x00000000f1f80000,0x00000000f1f80000)
  from space 5120K, 99% used [0x00000000f1f80000,0x00000000f24790a0,0x00000000f2480000)
  to   space 5120K, 0% used [0x00000000f4400000,0x00000000f4400000,0x00000000f4900000)
 ParOldGen       total 83968K, used 1318K [0x00000000d0000000, 0x00000000d5200000, 0x00000000f0000000)
  object space 83968K, 1% used [0x00000000d0000000,0x00000000d0149890,0x00000000d5200000)
 PSPermGen       total 21504K, used 17427K [0x00000000b8000000, 0x00000000b9500000, 0x00000000d0000000)
  object space 21504K, 81% used [0x00000000b8000000,0x00000000b9104f50,0x00000000b9500000)
Event: 1,423 GC heap after
Heap after GC invocations=2 (full 0):
 PSYoungGen      total 69632K, used 5112K [0x00000000f0000000, 0x00000000f4900000, 0x0000000100000000)
  eden space 64512K, 0% used [0x00000000f0000000,0x00000000f0000000,0x00000000f3f00000)
  from space 5120K, 99% used [0x00000000f4400000,0x00000000f48fe358,0x00000000f4900000)
  to   space 5120K, 0% used [0x00000000f3f00000,0x00000000f3f00000,0x00000000f4400000)
 ParOldGen       total 83968K, used 3076K [0x00000000d0000000, 0x00000000d5200000, 0x00000000f0000000)
  object space 83968K, 3% used [0x00000000d0000000,0x00000000d03012f8,0x00000000d5200000)
 PSPermGen       total 21504K, used 17427K [0x00000000b8000000, 0x00000000b9500000, 0x00000000d0000000)
  object space 21504K, 81% used [0x00000000b8000000,0x00000000b9104f50,0x00000000b9500000)
}
Event: 3,053 GC heap before
{Heap before GC invocations=3 (full 0):
 PSYoungGen      total 69632K, used 69624K [0x00000000f0000000, 0x00000000f4900000, 0x0000000100000000)
  eden space 64512K, 100% used [0x00000000f0000000,0x00000000f3f00000,0x00000000f3f00000)
  from space 5120K, 99% used [0x00000000f4400000,0x00000000f48fe358,0x00000000f4900000)
  to   space 5120K, 0% used [0x00000000f3f00000,0x00000000f3f00000,0x00000000f4400000)
 ParOldGen       total 83968K, used 3076K [0x00000000d0000000, 0x00000000d5200000, 0x00000000f0000000)
  object space 83968K, 3% used [0x00000000d0000000,0x00000000d03012f8,0x00000000d5200000)
 PSPermGen       total 31744K, used 31470K [0x00000000b8000000, 0x00000000b9f00000, 0x00000000d0000000)
  object space 31744K, 99% used [0x00000000b8000000,0x00000000b9ebb890,0x00000000b9f00000)
Event: 3,099 GC heap after
Heap after GC invocations=3 (full 0):
 PSYoungGen      total 69632K, used 5107K [0x00000000f0000000, 0x00000000f8800000, 0x0000000100000000)
  eden space 64512K, 0% used [0x00000000f0000000,0x00000000f0000000,0x00000000f3f00000)
  from space 5120K, 99% used [0x00000000f3f00000,0x00000000f43fcf88,0x00000000f4400000)
  to   space 5120K, 0% used [0x00000000f8300000,0x00000000f8300000,0x00000000f8800000)
 ParOldGen       total 83968K, used 12387K [0x00000000d0000000, 0x00000000d5200000, 0x00000000f0000000)
  object space 83968K, 14% used [0x00000000d0000000,0x00000000d0c18f28,0x00000000d5200000)
 PSPermGen       total 31744K, used 31470K [0x00000000b8000000, 0x00000000b9f00000, 0x00000000d0000000)
  object space 31744K, 99% used [0x00000000b8000000,0x00000000b9ebb890,0x00000000b9f00000)
}

Deoptimization events (10 events):
Event: 3,120 Thread 0x00007f312800a000 Uncommon trap: reason=unstable_if action=reinterpret pc=0x00007f31250a4e84 method=java.lang.ref.ReferenceQueue.poll()Ljava/lang/ref/Reference; @ 4
Event: 3,128 Thread 0x00007f312800a000 Uncommon trap: reason=class_check action=maybe_recompile pc=0x00007f31250ced6c method=scala.collection.LinearSeqLike$$anon$1.hasNext()Z @ 4
Event: 3,128 Thread 0x00007f312800a000 Uncommon trap: reason=class_check action=maybe_recompile pc=0x00007f31250ced6c method=scala.collection.LinearSeqLike$$anon$1.hasNext()Z @ 4
Event: 3,128 Thread 0x00007f312800a000 Uncommon trap: reason=class_check action=maybe_recompile pc=0x00007f31250ced6c method=scala.collection.LinearSeqLike$$anon$1.hasNext()Z @ 4
Event: 3,134 Thread 0x00007f312800a000 Uncommon trap: reason=class_check action=maybe_recompile pc=0x00007f31250ced6c method=scala.collection.LinearSeqLike$$anon$1.hasNext()Z @ 4
Event: 3,250 Thread 0x00007f312800a000 Uncommon trap: reason=class_check action=maybe_recompile pc=0x00007f31250d5454 method=scala.collection.IterableLike$class.copyToArray(Lscala/collection/IterableLike;Ljava/lang/Object;II)V @ 31
Event: 3,270 Thread 0x00007f312800a000 Uncommon trap: reason=unstable_if action=reinterpret pc=0x00007f31250cf5f0 method=scala.runtime.ScalaRunTime$.array_update(Ljava/lang/Object;ILjava/lang/Object;)V @ 25
Event: 3,912 Thread 0x00007f312800a000 Uncommon trap: reason=class_check action=maybe_recompile pc=0x00007f31250d5454 method=scala.collection.IterableLike$class.copyToArray(Lscala/collection/IterableLike;Ljava/lang/Object;II)V @ 31
Event: 3,912 Thread 0x00007f312800a000 Uncommon trap: reason=class_check action=maybe_recompile pc=0x00007f31250d5454 method=scala.collection.IterableLike$class.copyToArray(Lscala/collection/IterableLike;Ljava/lang/Object;II)V @ 31
Event: 3,913 Thread 0x00007f312800a000 Uncommon trap: reason=class_check action=maybe_recompile pc=0x00007f31250d5454 method=scala.collection.IterableLike$class.copyToArray(Lscala/collection/IterableLike;Ljava/lang/Object;II)V @ 31

Internal exceptions (10 events):
Event: 4,229 Thread 0x00007f312800a000 Threw 0x00000000f362d088 at /HUDSON/workspace/7u-2-build-linux-amd64/jdk7u80/2329/hotspot/src/share/vm/prims/jvm.cpp:1319
Event: 4,233 Thread 0x00007f312800a000 Threw 0x00000000f36527c0 at /HUDSON/workspace/7u-2-build-linux-amd64/jdk7u80/2329/hotspot/src/share/vm/prims/jvm.cpp:1319
Event: 4,233 Thread 0x00007f312800a000 Threw 0x00000000f3653188 at /HUDSON/workspace/7u-2-build-linux-amd64/jdk7u80/2329/hotspot/src/share/vm/prims/jvm.cpp:1319
Event: 4,233 Thread 0x00007f312800a000 Threw 0x00000000f3654278 at /HUDSON/workspace/7u-2-build-linux-amd64/jdk7u80/2329/hotspot/src/share/vm/prims/jvm.cpp:1319
Event: 4,403 Thread 0x00007f312800a000 Threw 0x00000000f3ba4568 at /HUDSON/workspace/7u-2-build-linux-amd64/jdk7u80/2329/hotspot/src/share/vm/prims/jvm.cpp:1319
Event: 4,403 Thread 0x00007f312800a000 Threw 0x00000000f3ba5058 at /HUDSON/workspace/7u-2-build-linux-amd64/jdk7u80/2329/hotspot/src/share/vm/prims/jvm.cpp:1319
Event: 4,403 Thread 0x00007f312800a000 Threw 0x00000000f3ba6330 at /HUDSON/workspace/7u-2-build-linux-amd64/jdk7u80/2329/hotspot/src/share/vm/prims/jvm.cpp:1319
Event: 4,404 Thread 0x00007f312800a000 Threw 0x00000000f3bad960 at /HUDSON/workspace/7u-2-build-linux-amd64/jdk7u80/2329/hotspot/src/share/vm/prims/jvm.cpp:1319
Event: 4,404 Thread 0x00007f312800a000 Threw 0x00000000f3bae508 at /HUDSON/workspace/7u-2-build-linux-amd64/jdk7u80/2329/hotspot/src/share/vm/prims/jvm.cpp:1319
Event: 4,404 Thread 0x00007f312800a000 Threw 0x00000000f3bafc58 at /HUDSON/workspace/7u-2-build-linux-amd64/jdk7u80/2329/hotspot/src/share/vm/prims/jvm.cpp:1319

Events (10 events):
Event: 4,209 loading class 0x00007f31289ab2d0
Event: 4,209 loading class 0x00007f31289ab2d0 done
Event: 4,229 loading class 0x00007f31288fc720
Event: 4,229 loading class 0x00007f31288fc720 done
Event: 4,232 loading class 0x00007f31288fc510
Event: 4,232 loading class 0x00007f31288fc510 done
Event: 4,403 loading class 0x00007f312915cb20
Event: 4,403 loading class 0x00007f312915cb20 done
Event: 4,404 loading class 0x00007f31291dee90
Event: 4,404 loading class 0x00007f31291dee90 done


Dynamic libraries:
00400000-00401000 r-xp 00000000 08:02 397482                             /usr/lib/jvm/java-7-oracle/bin/java
00600000-00601000 rw-p 00000000 08:02 397482                             /usr/lib/jvm/java-7-oracle/bin/java
01d48000-01d69000 rw-p 00000000 00:00 0                                  [heap]
b8000000-ba500000 rw-p 00000000 00:00 0 
ba500000-d0000000 rw-p 00000000 00:00 0 
d0000000-d5200000 rw-p 00000000 00:00 0 
d5200000-f0000000 rw-p 00000000 00:00 0 
f0000000-f8800000 rw-p 00000000 00:00 0 
f8800000-100000000 rw-p 00000000 00:00 0 
7f30dc000000-7f30dc021000 rw-p 00000000 00:00 0 
7f30dc021000-7f30e0000000 ---p 00000000 00:00 0 
7f30e4000000-7f30e433f000 rw-p 00000000 00:00 0 
7f30e433f000-7f30e8000000 ---p 00000000 00:00 0 
7f30e8000000-7f30e8021000 rw-p 00000000 00:00 0 
7f30e8021000-7f30ec000000 ---p 00000000 00:00 0 
7f30ec000000-7f30ec021000 rw-p 00000000 00:00 0 
7f30ec021000-7f30f0000000 ---p 00000000 00:00 0 
7f30f0000000-7f30f0475000 rw-p 00000000 00:00 0 
7f30f0475000-7f30f4000000 ---p 00000000 00:00 0 
7f30f4000000-7f30f4021000 rw-p 00000000 00:00 0 
7f30f4021000-7f30f8000000 ---p 00000000 00:00 0 
7f30f8000000-7f30f8021000 rw-p 00000000 00:00 0 
7f30f8021000-7f30fc000000 ---p 00000000 00:00 0 
7f30fc000000-7f30fc021000 rw-p 00000000 00:00 0 
7f30fc021000-7f3100000000 ---p 00000000 00:00 0 
7f3100000000-7f3100021000 rw-p 00000000 00:00 0 
7f3100021000-7f3104000000 ---p 00000000 00:00 0 
7f3104000000-7f3104021000 rw-p 00000000 00:00 0 
7f3104021000-7f3108000000 ---p 00000000 00:00 0 
7f3108000000-7f3108021000 rw-p 00000000 00:00 0 
7f3108021000-7f310c000000 ---p 00000000 00:00 0 
7f310c000000-7f310c021000 rw-p 00000000 00:00 0 
7f310c021000-7f3110000000 ---p 00000000 00:00 0 
7f3110000000-7f3110021000 rw-p 00000000 00:00 0 
7f3110021000-7f3114000000 ---p 00000000 00:00 0 
7f3114000000-7f3114021000 rw-p 00000000 00:00 0 
7f3114021000-7f3118000000 ---p 00000000 00:00 0 
7f3118000000-7f3118021000 rw-p 00000000 00:00 0 
7f3118021000-7f311c000000 ---p 00000000 00:00 0 
7f311c000000-7f311c021000 rw-p 00000000 00:00 0 
7f311c021000-7f3120000000 ---p 00000000 00:00 0 
7f31205fc000-7f3120667000 r--s 00e21000 08:02 397456                     /usr/lib/jvm/java-7-oracle/lib/tools.jar
7f3120667000-7f3120669000 r--s 0000b000 08:02 917552                     /home/imbustn/.sbt/boot/scala-2.10.5/org.scala-sbt/sbt/0.13.9/xsbti/interface-0.13.9.jar
7f3120669000-7f312066f000 r--s 0003e000 08:02 917583                     /home/imbustn/.sbt/boot/scala-2.10.5/org.scala-sbt/sbt/0.13.9/io-0.13.9.jar
7f312066f000-7f3120676000 r--s 0004b000 08:02 917577                     /home/imbustn/.sbt/boot/scala-2.10.5/org.scala-sbt/sbt/0.13.9/serialization_2.10-0.1.1.jar
7f3120676000-7f3120680000 r--s 0006e000 08:02 917573                     /home/imbustn/.sbt/boot/scala-2.10.5/org.scala-sbt/sbt/0.13.9/incremental-compiler-0.13.9.jar
7f3120680000-7f3120684000 r--s 0001c000 08:02 917535                     /home/imbustn/.sbt/boot/scala-2.10.5/org.scala-sbt/sbt/0.13.9/compiler-integration-0.13.9.jar
7f31206e3000-7f31206ed000 r--s 00253000 08:02 395550                     /usr/lib/jvm/java-7-oracle/jre/lib/resources.jar
7f31206ed000-7f31206f1000 r--s 0008b000 08:02 396099                     /usr/lib/jvm/java-7-oracle/jre/lib/jsse.jar
7f31206f1000-7f31206f9000 r--s 00060000 08:02 917559                     /home/imbustn/.sbt/boot/scala-2.10.5/org.scala-sbt/sbt/0.13.9/collections-0.13.9.jar
7f31206f9000-7f31206fc000 r--s 00018000 08:02 917584                     /home/imbustn/.sbt/boot/scala-2.10.5/org.scala-sbt/sbt/0.13.9/logging-0.13.9.jar
7f31206fc000-7f31206fe000 r--s 00001000 08:02 917531                     /home/imbustn/.sbt/boot/scala-2.10.5/org.scala-sbt/sbt/0.13.9/compiler-ivy-integration-0.13.9.jar
7f31206fe000-7f3120700000 r--s 00017000 08:02 917581                     /home/imbustn/.sbt/boot/scala-2.10.5/org.scala-sbt/sbt/0.13.9/testing-0.13.9.jar
7f3120700000-7f3120703000 r--s 0001e000 08:02 917554                     /home/imbustn/.sbt/boot/scala-2.10.5/org.scala-sbt/sbt/0.13.9/run-0.13.9.jar
7f3120703000-7f3120706000 r--s 00030000 08:02 917567                     /home/imbustn/.sbt/boot/scala-2.10.5/org.scala-sbt/sbt/0.13.9/jline-2.11.jar
7f3120706000-7f312070e000 r--s 00057000 08:02 917574                     /home/imbustn/.sbt/boot/scala-2.10.5/org.scala-sbt/sbt/0.13.9/completion-0.13.9.jar
7f312070e000-7f3120739000 r--s 00239000 08:02 917539                     /home/imbustn/.sbt/boot/scala-2.10.5/org.scala-sbt/sbt/0.13.9/main-0.13.9.jar
7f3120739000-7f312073c000 r--s 0001d000 08:02 917557                     /home/imbustn/.sbt/boot/scala-2.10.5/org.scala-sbt/sbt/0.13.9/task-system-0.13.9.jar
7f312073c000-7f312073e000 r--s 0000b000 08:02 917542                     /home/imbustn/.sbt/boot/scala-2.10.5/org.scala-sbt/sbt/0.13.9/tracking-0.13.9.jar
7f312073e000-7f3120743000 r--s 00036000 08:02 917562                     /home/imbustn/.sbt/boot/scala-2.10.5/org.scala-sbt/sbt/0.13.9/compile-0.13.9.jar
7f3120743000-7f3120778000 r--s 002da000 08:02 917543                     /home/imbustn/.sbt/boot/scala-2.10.5/org.scala-sbt/sbt/0.13.9/scala-reflect-2.10.5.jar
7f3120778000-7f312077d000 r--s 00037000 08:02 917571                     /home/imbustn/.sbt/boot/scala-2.10.5/org.scala-sbt/sbt/0.13.9/command-0.13.9.jar
7f312077d000-7f3120781000 r--s 00034000 08:02 917553                     /home/imbustn/.sbt/boot/scala-2.10.5/org.scala-sbt/sbt/0.13.9/jsch-0.1.46.jar
7f3120781000-7f3120783000 r--s 00014000 08:02 917555                     /home/imbustn/.sbt/boot/scala-2.10.5/org.scala-sbt/sbt/0.13.9/apply-macro-0.13.9.jar
7f3120783000-7f3120785000 r--s 0000e000 08:02 917580                     /home/imbustn/.sbt/boot/scala-2.10.5/org.scala-sbt/sbt/0.13.9/logic-0.13.9.jar
7f3120785000-7f3120787000 r--s 00007000 08:02 917570                     /home/imbustn/.sbt/boot/scala-2.10.5/org.scala-sbt/sbt/0.13.9/paranamer-2.6.jar
7f3120787000-7f312078b000 r--s 00022000 08:02 917544                     /home/imbustn/.sbt/boot/scala-2.10.5/org.scala-sbt/sbt/0.13.9/sbinary_2.10-0.4.2.jar
7f312078b000-7f3120790000 r--s 00024000 08:02 917538                     /home/imbustn/.sbt/boot/scala-2.10.5/org.scala-sbt/sbt/0.13.9/persist-0.13.9.jar
7f3120790000-7f3120793000 r--s 0001d000 08:02 917575                     /home/imbustn/.sbt/boot/scala-2.10.5/org.scala-sbt/sbt/0.13.9/tasks-0.13.9.jar
7f3120793000-7f312079f000 r--s 000a4000 08:02 917568                     /home/imbustn/.sbt/boot/scala-2.10.5/org.scala-sbt/sbt/0.13.9/quasiquotes_2.10-2.0.1.jar
7f312079f000-7f31207a1000 r--s 00002000 08:02 917565                     /home/imbustn/.sbt/boot/scala-2.10.5/org.scala-sbt/sbt/0.13.9/test-interface-1.0.jar
7f31207a1000-7f31207a4000 r--s 00013000 08:02 917545                     /home/imbustn/.sbt/boot/scala-2.10.5/org.scala-sbt/sbt/0.13.9/classpath-0.13.9.jar
7f31207a4000-7f31207a6000 r--s 00013000 08:02 917532                     /home/imbustn/.sbt/boot/scala-2.10.5/org.scala-sbt/sbt/0.13.9/json4s-ast_2.10-3.2.10.jar
7f31207a6000-7f31207a8000 r--s 00012000 08:02 917533                     /home/imbustn/.sbt/boot/scala-2.10.5/org.scala-sbt/sbt/0.13.9/jawn-parser_2.10-0.6.0.jar
7f31207a8000-7f31207ab000 r--s 00012000 08:02 917576                     /home/imbustn/.sbt/boot/scala-2.10.5/org.scala-sbt/sbt/0.13.9/classfile-0.13.9.jar
7f31207ab000-7f31207c0000 r--s 00101000 08:02 917569                     /home/imbustn/.sbt/boot/scala-2.10.5/org.scala-sbt/sbt/0.13.9/ivy-2.3.0-sbt-c5d1b95fdcc1e1007740ffbecf4eb07abc51ec93.jar
7f31207c0000-7f31207c2000 r--s 00006000 08:02 917547                     /home/imbustn/.sbt/boot/scala-2.10.5/org.scala-sbt/sbt/0.13.9/relation-0.13.9.jar
7f31207c2000-7f31207d1000 r--s 000bb000 08:02 917534                     /home/imbustn/.sbt/boot/scala-2.10.5/org.scala-sbt/sbt/0.13.9/scala-pickling_2.10-0.10.0.jar
7f31207d1000-7f31207d5000 r--s 0001b000 08:02 917556                     /home/imbustn/.sbt/boot/scala-2.10.5/org.scala-sbt/sbt/0.13.9/process-0.13.9.jar
7f31207d5000-7f31207df000 r--s 00085000 08:02 917578                     /home/imbustn/.sbt/boot/scala-2.10.5/org.scala-sbt/sbt/0.13.9/json4s-core_2.10-3.2.10.jar
7f31207df000-7f31207e8000 r--s 0006e000 08:02 917582                     /home/imbustn/.sbt/boot/scala-2.10.5/org.scala-sbt/sbt/0.13.9/actions-0.13.9.jar
7f31207e8000-7f31207f3000 r--s 00096000 08:02 917530                     /home/imbustn/.sbt/boot/scala-2.10.5/org.scala-sbt/sbt/0.13.9/main-settings-0.13.9.jar
7f31207f3000-7f31208f1000 r--s 00cd0000 08:02 917590                     /home/imbustn/.sbt/boot/scala-2.10.5/lib/scala-compiler.jar
7f31208f1000-7f3120901000 r-xp 00000000 08:02 395473                     /usr/lib/jvm/java-7-oracle/jre/lib/amd64/libnio.so
7f3120901000-7f3120b01000 ---p 00010000 08:02 395473                     /usr/lib/jvm/java-7-oracle/jre/lib/amd64/libnio.so
7f3120b01000-7f3120b02000 rw-p 00010000 08:02 395473                     /usr/lib/jvm/java-7-oracle/jre/lib/amd64/libnio.so
7f3120b02000-7f3120e03000 rw-p 00000000 00:00 0 
7f3120e03000-7f3120e1a000 r-xp 00000000 08:02 395507                     /usr/lib/jvm/java-7-oracle/jre/lib/amd64/libnet.so
7f3120e1a000-7f3121019000 ---p 00017000 08:02 395507                     /usr/lib/jvm/java-7-oracle/jre/lib/amd64/libnet.so
7f3121019000-7f312101a000 rw-p 00016000 08:02 395507                     /usr/lib/jvm/java-7-oracle/jre/lib/amd64/libnet.so
7f312101a000-7f312101b000 ---p 00000000 00:00 0 
7f312101b000-7f312111b000 rw-p 00000000 00:00 0 
7f312111b000-7f312111e000 ---p 00000000 00:00 0 
7f312111e000-7f312121c000 rw-p 00000000 00:00 0 
7f312121c000-7f312121f000 ---p 00000000 00:00 0 
7f312121f000-7f312131d000 rw-p 00000000 00:00 0 
7f312131d000-7f3121320000 ---p 00000000 00:00 0 
7f3121320000-7f312141e000 rw-p 00000000 00:00 0 
7f312141e000-7f3121421000 ---p 00000000 00:00 0 
7f3121421000-7f312151f000 rw-p 00000000 00:00 0 
7f312151f000-7f3121ef3000 r--p 00000000 08:02 26733                      /usr/lib/locale/locale-archive
7f3121ef3000-7f3121ef6000 ---p 00000000 00:00 0 
7f3121ef6000-7f3121ff4000 rw-p 00000000 00:00 0 
7f3121ff4000-7f3121ff7000 ---p 00000000 00:00 0 
7f3121ff7000-7f31220f5000 rw-p 00000000 00:00 0 
7f31220f5000-7f31220f6000 ---p 00000000 00:00 0 
7f31220f6000-7f3125000000 rw-p 00000000 00:00 0 
7f3125000000-7f3125270000 rwxp 00000000 00:00 0 
7f3125270000-7f3129433000 rw-p 00000000 00:00 0 
7f3129433000-7f312c000000 ---p 00000000 00:00 0 
7f312c000000-7f312c001000 r--s 00005000 08:02 917585                     /home/imbustn/.sbt/boot/scala-2.10.5/org.scala-sbt/sbt/0.13.9/sbt-0.13.9.jar
7f312c001000-7f312c023000 r--s 001b3000 08:02 917572                     /home/imbustn/.sbt/boot/scala-2.10.5/org.scala-sbt/sbt/0.13.9/ivy-0.13.9.jar
7f312c023000-7f312c095000 r--s 0065b000 08:02 917592                     /home/imbustn/.sbt/boot/scala-2.10.5/lib/scala-library.jar
7f312c095000-7f312c0ca000 r--s 002da000 08:02 917591                     /home/imbustn/.sbt/boot/scala-2.10.5/lib/scala-reflect.jar
7f312c0ca000-7f312c0e6000 r--s 0010c000 08:02 655974                     /home/imbustn/.IdeaIC2016.2/config/plugins/Scala/launcher/sbt-launch.jar
7f312c0e6000-7f312d242000 rw-p 00000000 00:00 0 
7f312d242000-7f312d402000 r--s 039fb000 08:02 396155                     /usr/lib/jvm/java-7-oracle/jre/lib/rt.jar
7f312d402000-7f312d713000 rw-p 00000000 00:00 0 
7f312d713000-7f312d714000 ---p 00000000 00:00 0 
7f312d714000-7f312d814000 rw-p 00000000 00:00 0 
7f312d814000-7f312d815000 ---p 00000000 00:00 0 
7f312d815000-7f312d915000 rw-p 00000000 00:00 0 
7f312d915000-7f312d916000 ---p 00000000 00:00 0 
7f312d916000-7f312da16000 rw-p 00000000 00:00 0 
7f312da16000-7f312da17000 ---p 00000000 00:00 0 
7f312da17000-7f312db17000 rw-p 00000000 00:00 0 
7f312db17000-7f312db18000 ---p 00000000 00:00 0 
7f312db18000-7f312dc18000 rw-p 00000000 00:00 0 
7f312dc18000-7f312dc19000 ---p 00000000 00:00 0 
7f312dc19000-7f312dd19000 rw-p 00000000 00:00 0 
7f312dd19000-7f312dd1a000 ---p 00000000 00:00 0 
7f312dd1a000-7f312de1a000 rw-p 00000000 00:00 0 
7f312de1a000-7f312de1b000 ---p 00000000 00:00 0 
7f312de1b000-7f312df2e000 rw-p 00000000 00:00 0 
7f312df2e000-7f312dfdb000 rw-p 00000000 00:00 0 
7f312dfdb000-7f312e004000 rw-p 00000000 00:00 0 
7f312e004000-7f312e0db000 rw-p 00000000 00:00 0 
7f312e0db000-7f312e0ee000 rw-p 00000000 00:00 0 
7f312e0ee000-7f312e19b000 rw-p 00000000 00:00 0 
7f312e19b000-7f312e1c4000 rw-p 00000000 00:00 0 
7f312e1c4000-7f312e29b000 rw-p 00000000 00:00 0 
7f312e29b000-7f312e2df000 rw-p 00000000 00:00 0 
7f312e2df000-7f312e31b000 rw-p 00000000 00:00 0 
7f312e31b000-7f312e31c000 rw-p 00000000 00:00 0 
7f312e31c000-7f312e333000 r-xp 00000000 08:02 395502                     /usr/lib/jvm/java-7-oracle/jre/lib/amd64/libzip.so
7f312e333000-7f312e533000 ---p 00017000 08:02 395502                     /usr/lib/jvm/java-7-oracle/jre/lib/amd64/libzip.so
7f312e533000-7f312e534000 rw-p 00017000 08:02 395502                     /usr/lib/jvm/java-7-oracle/jre/lib/amd64/libzip.so
7f312e534000-7f312e53f000 r-xp 00000000 08:02 3674633                    /lib/x86_64-linux-gnu/libnss_files-2.23.so
7f312e53f000-7f312e73e000 ---p 0000b000 08:02 3674633                    /lib/x86_64-linux-gnu/libnss_files-2.23.so
7f312e73e000-7f312e73f000 r--p 0000a000 08:02 3674633                    /lib/x86_64-linux-gnu/libnss_files-2.23.so
7f312e73f000-7f312e740000 rw-p 0000b000 08:02 3674633                    /lib/x86_64-linux-gnu/libnss_files-2.23.so
7f312e740000-7f312e746000 rw-p 00000000 00:00 0 
7f312e746000-7f312e751000 r-xp 00000000 08:02 3674643                    /lib/x86_64-linux-gnu/libnss_nis-2.23.so
7f312e751000-7f312e950000 ---p 0000b000 08:02 3674643                    /lib/x86_64-linux-gnu/libnss_nis-2.23.so
7f312e950000-7f312e951000 r--p 0000a000 08:02 3674643                    /lib/x86_64-linux-gnu/libnss_nis-2.23.so
7f312e951000-7f312e952000 rw-p 0000b000 08:02 3674643                    /lib/x86_64-linux-gnu/libnss_nis-2.23.so
7f312e952000-7f312e968000 r-xp 00000000 08:02 3674627                    /lib/x86_64-linux-gnu/libnsl-2.23.so
7f312e968000-7f312eb67000 ---p 00016000 08:02 3674627                    /lib/x86_64-linux-gnu/libnsl-2.23.so
7f312eb67000-7f312eb68000 r--p 00015000 08:02 3674627                    /lib/x86_64-linux-gnu/libnsl-2.23.so
7f312eb68000-7f312eb69000 rw-p 00016000 08:02 3674627                    /lib/x86_64-linux-gnu/libnsl-2.23.so
7f312eb69000-7f312eb6b000 rw-p 00000000 00:00 0 
7f312eb6b000-7f312eb73000 r-xp 00000000 08:02 3674629                    /lib/x86_64-linux-gnu/libnss_compat-2.23.so
7f312eb73000-7f312ed72000 ---p 00008000 08:02 3674629                    /lib/x86_64-linux-gnu/libnss_compat-2.23.so
7f312ed72000-7f312ed73000 r--p 00007000 08:02 3674629                    /lib/x86_64-linux-gnu/libnss_compat-2.23.so
7f312ed73000-7f312ed74000 rw-p 00008000 08:02 3674629                    /lib/x86_64-linux-gnu/libnss_compat-2.23.so
7f312ed74000-7f312ed9d000 r-xp 00000000 08:02 395468                     /usr/lib/jvm/java-7-oracle/jre/lib/amd64/libjava.so
7f312ed9d000-7f312ef9d000 ---p 00029000 08:02 395468                     /usr/lib/jvm/java-7-oracle/jre/lib/amd64/libjava.so
7f312ef9d000-7f312ef9f000 rw-p 00029000 08:02 395468                     /usr/lib/jvm/java-7-oracle/jre/lib/amd64/libjava.so
7f312ef9f000-7f312efac000 r-xp 00000000 08:02 395495                     /usr/lib/jvm/java-7-oracle/jre/lib/amd64/libverify.so
7f312efac000-7f312f1ab000 ---p 0000d000 08:02 395495                     /usr/lib/jvm/java-7-oracle/jre/lib/amd64/libverify.so
7f312f1ab000-7f312f1ad000 rw-p 0000c000 08:02 395495                     /usr/lib/jvm/java-7-oracle/jre/lib/amd64/libverify.so
7f312f1ad000-7f312f1b4000 r-xp 00000000 08:02 3674688                    /lib/x86_64-linux-gnu/librt-2.23.so
7f312f1b4000-7f312f3b3000 ---p 00007000 08:02 3674688                    /lib/x86_64-linux-gnu/librt-2.23.so
7f312f3b3000-7f312f3b4000 r--p 00006000 08:02 3674688                    /lib/x86_64-linux-gnu/librt-2.23.so
7f312f3b4000-7f312f3b5000 rw-p 00007000 08:02 3674688                    /lib/x86_64-linux-gnu/librt-2.23.so
7f312f3b5000-7f312f4bd000 r-xp 00000000 08:02 3674604                    /lib/x86_64-linux-gnu/libm-2.23.so
7f312f4bd000-7f312f6bc000 ---p 00108000 08:02 3674604                    /lib/x86_64-linux-gnu/libm-2.23.so
7f312f6bc000-7f312f6bd000 r--p 00107000 08:02 3674604                    /lib/x86_64-linux-gnu/libm-2.23.so
7f312f6bd000-7f312f6be000 rw-p 00108000 08:02 3674604                    /lib/x86_64-linux-gnu/libm-2.23.so
7f312f6be000-7f3130234000 r-xp 00000000 08:02 395522                     /usr/lib/jvm/java-7-oracle/jre/lib/amd64/server/libjvm.so
7f3130234000-7f3130433000 ---p 00b76000 08:02 395522                     /usr/lib/jvm/java-7-oracle/jre/lib/amd64/server/libjvm.so
7f3130433000-7f31304f7000 rw-p 00b75000 08:02 395522                     /usr/lib/jvm/java-7-oracle/jre/lib/amd64/server/libjvm.so
7f31304f7000-7f3130538000 rw-p 00000000 00:00 0 
7f3130538000-7f31306f8000 r-xp 00000000 08:02 3674534                    /lib/x86_64-linux-gnu/libc-2.23.so
7f31306f8000-7f31308f7000 ---p 001c0000 08:02 3674534                    /lib/x86_64-linux-gnu/libc-2.23.so
7f31308f7000-7f31308fb000 r--p 001bf000 08:02 3674534                    /lib/x86_64-linux-gnu/libc-2.23.so
7f31308fb000-7f31308fd000 rw-p 001c3000 08:02 3674534                    /lib/x86_64-linux-gnu/libc-2.23.so
7f31308fd000-7f3130901000 rw-p 00000000 00:00 0 
7f3130901000-7f3130904000 r-xp 00000000 08:02 3674558                    /lib/x86_64-linux-gnu/libdl-2.23.so
7f3130904000-7f3130b03000 ---p 00003000 08:02 3674558                    /lib/x86_64-linux-gnu/libdl-2.23.so
7f3130b03000-7f3130b04000 r--p 00002000 08:02 3674558                    /lib/x86_64-linux-gnu/libdl-2.23.so
7f3130b04000-7f3130b05000 rw-p 00003000 08:02 3674558                    /lib/x86_64-linux-gnu/libdl-2.23.so
7f3130b05000-7f3130b1a000 r-xp 00000000 08:02 396203                     /usr/lib/jvm/java-7-oracle/lib/amd64/jli/libjli.so
7f3130b1a000-7f3130d19000 ---p 00015000 08:02 396203                     /usr/lib/jvm/java-7-oracle/lib/amd64/jli/libjli.so
7f3130d19000-7f3130d1a000 rw-p 00014000 08:02 396203                     /usr/lib/jvm/java-7-oracle/lib/amd64/jli/libjli.so
7f3130d1a000-7f3130d32000 r-xp 00000000 08:02 3674680                    /lib/x86_64-linux-gnu/libpthread-2.23.so
7f3130d32000-7f3130f31000 ---p 00018000 08:02 3674680                    /lib/x86_64-linux-gnu/libpthread-2.23.so
7f3130f31000-7f3130f32000 r--p 00017000 08:02 3674680                    /lib/x86_64-linux-gnu/libpthread-2.23.so
7f3130f32000-7f3130f33000 rw-p 00018000 08:02 3674680                    /lib/x86_64-linux-gnu/libpthread-2.23.so
7f3130f33000-7f3130f37000 rw-p 00000000 00:00 0 
7f3130f37000-7f3130f5d000 r-xp 00000000 08:02 3674506                    /lib/x86_64-linux-gnu/ld-2.23.so
7f3130f5d000-7f3130f5e000 r--s 00002000 08:02 917529                     /home/imbustn/.sbt/boot/scala-2.10.5/org.scala-sbt/sbt/0.13.9/launcher-interface-1.0.0-M1.jar
7f3130f5e000-7f3130f65000 r--s 00049000 08:02 917586                     /home/imbustn/.sbt/boot/scala-2.10.5/org.scala-sbt/sbt/0.13.9/api-0.13.9.jar
7f3130f65000-7f3130f86000 rw-p 00000000 00:00 0 
7f3130f86000-7f313103c000 rw-p 00000000 00:00 0 
7f313103c000-7f313103f000 ---p 00000000 00:00 0 
7f313103f000-7f3131141000 rw-p 00000000 00:00 0 
7f3131141000-7f3131142000 r--s 00005000 08:02 917566                     /home/imbustn/.sbt/boot/scala-2.10.5/org.scala-sbt/sbt/0.13.9/test-agent-0.13.9.jar
7f3131142000-7f3131143000 r--s 00001000 08:02 917558                     /home/imbustn/.sbt/boot/scala-2.10.5/org.scala-sbt/sbt/0.13.9/json4s-support_2.10-0.6.0.jar
7f3131143000-7f3131146000 r--s 0001a000 08:02 917546                     /home/imbustn/.sbt/boot/scala-2.10.5/org.scala-sbt/sbt/0.13.9/cache-0.13.9.jar
7f3131146000-7f3131148000 r--s 00002000 08:02 917548                     /home/imbustn/.sbt/boot/scala-2.10.5/org.scala-sbt/sbt/0.13.9/control-0.13.9.jar
7f3131148000-7f3131149000 r--s 00001000 08:02 917579                     /home/imbustn/.sbt/boot/scala-2.10.5/org.scala-sbt/sbt/0.13.9/cross-0.13.9.jar
7f3131149000-7f313114d000 r--s 00025000 08:02 917588                     /home/imbustn/.sbt/boot/scala-2.10.5/lib/jline.jar
7f313114d000-7f3131150000 r--s 00018000 08:02 917589                     /home/imbustn/.sbt/boot/scala-2.10.5/lib/jansi.jar
7f3131150000-7f3131158000 rw-s 00000000 08:02 1054464                    /tmp/hsperfdata_imbustn/6364
7f3131158000-7f3131159000 rw-p 00000000 00:00 0 
7f3131159000-7f313115a000 r--p 00000000 00:00 0 
7f313115a000-7f313115c000 rw-p 00000000 00:00 0 
7f313115c000-7f313115d000 r--p 00025000 08:02 3674506                    /lib/x86_64-linux-gnu/ld-2.23.so
7f313115d000-7f313115e000 rw-p 00026000 08:02 3674506                    /lib/x86_64-linux-gnu/ld-2.23.so
7f313115e000-7f313115f000 rw-p 00000000 00:00 0 
7ffcfb04c000-7ffcfb06d000 rw-p 00000000 00:00 0                          [stack]
7ffcfb147000-7ffcfb149000 r--p 00000000 00:00 0                          [vvar]
7ffcfb149000-7ffcfb14b000 r-xp 00000000 00:00 0                          [vdso]
ffffffffff600000-ffffffffff601000 r-xp 00000000 00:00 0                  [vsyscall]

VM Arguments:
jvm_args: -Djline.terminal=jline.UnsupportedTerminal -Dsbt.log.noformat=true -Dfile.encoding=UTF-8 -Xmx768M -XX:MaxPermSize=384M 
java_command: /home/imbustn/.IdeaIC2016.2/config/plugins/Scala/launcher/sbt-launch.jar
Launcher Type: SUN_STANDARD

Environment Variables:
JAVA_HOME=/usr/lib/jvm/java-8-oracle
PATH=/usr/local/sbin:/usr/local/bin:/usr/sbin:/usr/bin:/sbin:/bin:/usr/games:/usr/local/games:/snap/bin
LD_LIBRARY_PATH=/home/imbustn/Downloads/idea-IC-162.1121.32/bin:
SHELL=/bin/bash
DISPLAY=:0

Signal Handlers:
SIGSEGV: [libjvm.so+0x9a3b20], sa_mask[0]=0x7ffbfeff, sa_flags=0x10000004
SIGBUS: [libjvm.so+0x9a3b20], sa_mask[0]=0x7ffbfeff, sa_flags=0x10000004
SIGFPE: [libjvm.so+0x81e740], sa_mask[0]=0x7ffbfeff, sa_flags=0x10000004
SIGPIPE: [libjvm.so+0x81e740], sa_mask[0]=0x7ffbfeff, sa_flags=0x10000004
SIGXFSZ: [libjvm.so+0x81e740], sa_mask[0]=0x7ffbfeff, sa_flags=0x10000004
SIGILL: [libjvm.so+0x81e740], sa_mask[0]=0x7ffbfeff, sa_flags=0x10000004
SIGUSR1: SIG_DFL, sa_mask[0]=0x00000000, sa_flags=0x00000000
SIGUSR2: [libjvm.so+0x81ffb0], sa_mask[0]=0x00000004, sa_flags=0x10000004
SIGHUP: [libjvm.so+0x8210d0], sa_mask[0]=0x7ffbfeff, sa_flags=0x10000004
SIGINT: [libjvm.so+0x8210d0], sa_mask[0]=0x7ffbfeff, sa_flags=0x10000004
SIGTERM: [libjvm.so+0x8210d0], sa_mask[0]=0x7ffbfeff, sa_flags=0x10000004
SIGQUIT: [libjvm.so+0x8210d0], sa_mask[0]=0x7ffbfeff, sa_flags=0x10000004


---------------  S Y S T E M  ---------------

OS:stretch/sid

uname:Linux 4.4.0-31-generic #50-Ubuntu SMP Wed Jul 13 00:07:12 UTC 2016 x86_64
libc:glibc 2.23 NPTL 2.23 
rlimit: STACK 8192k, CORE 0k, NPROC 30614, NOFILE 65536, AS infinity
load average:2,97 1,15 0,61

/proc/meminfo:
MemTotal:        8096068 kB
MemFree:         3132064 kB
MemAvailable:    4464668 kB
Buffers:           63188 kB
Cached:          2161004 kB
SwapCached:            0 kB
Active:          3341164 kB
Inactive:        1385440 kB
Active(anon):    2504908 kB
Inactive(anon):   707796 kB
Active(file):     836256 kB
Inactive(file):   677644 kB
Unevictable:          48 kB
Mlocked:              48 kB
SwapTotal:       8309756 kB
SwapFree:        8309756 kB
Dirty:             11424 kB
Writeback:             0 kB
AnonPages:       2502712 kB
Mapped:           585904 kB
Shmem:            710008 kB
Slab:             120716 kB
SReclaimable:      76260 kB
SUnreclaim:        44456 kB
KernelStack:       11472 kB
PageTables:        45468 kB
NFS_Unstable:          0 kB
Bounce:                0 kB
WritebackTmp:          0 kB
CommitLimit:    12357788 kB
Committed_AS:    8259132 kB
VmallocTotal:   34359738367 kB
VmallocUsed:           0 kB
VmallocChunk:          0 kB
HardwareCorrupted:     0 kB
AnonHugePages:    811008 kB
CmaTotal:              0 kB
CmaFree:               0 kB
HugePages_Total:       0
HugePages_Free:        0
HugePages_Rsvd:        0
HugePages_Surp:        0
Hugepagesize:       2048 kB
DirectMap4k:      140516 kB
DirectMap2M:     7120896 kB
DirectMap1G:     2097152 kB


CPU:total 8 (4 cores per cpu, 2 threads per core) family 6 model 60 stepping 3, cmov, cx8, fxsr, mmx, sse, sse2, sse3, ssse3, sse4.1, sse4.2, popcnt, avx, avx2, aes, erms, ht, tsc, tscinvbit

/proc/cpuinfo:
processor	: 0
vendor_id	: GenuineIntel
cpu family	: 6
model		: 60
model name	: Intel(R) Core(TM) i7-4790S CPU @ 3.20GHz
stepping	: 3
microcode	: 0x1a
cpu MHz		: 3608.125
cache size	: 8192 KB
physical id	: 0
siblings	: 8
core id		: 0
cpu cores	: 4
apicid		: 0
initial apicid	: 0
fpu		: yes
fpu_exception	: yes
cpuid level	: 13
wp		: yes
flags		: fpu vme de pse tsc msr pae mce cx8 apic sep mtrr pge mca cmov pat pse36 clflush dts acpi mmx fxsr sse sse2 ss ht tm pbe syscall nx pdpe1gb rdtscp lm constant_tsc arch_perfmon pebs bts rep_good nopl xtopology nonstop_tsc aperfmperf eagerfpu pni pclmulqdq dtes64 monitor ds_cpl vmx smx est tm2 ssse3 sdbg fma cx16 xtpr pdcm pcid sse4_1 sse4_2 x2apic movbe popcnt tsc_deadline_timer aes xsave avx f16c rdrand lahf_lm abm epb tpr_shadow vnmi flexpriority ept vpid fsgsbase tsc_adjust bmi1 hle avx2 smep bmi2 erms invpcid rtm xsaveopt dtherm ida arat pln pts
bugs		:
bogomips	: 6385.64
clflush size	: 64
cache_alignment	: 64
address sizes	: 39 bits physical, 48 bits virtual
power management:

processor	: 1
vendor_id	: GenuineIntel
cpu family	: 6
model		: 60
model name	: Intel(R) Core(TM) i7-4790S CPU @ 3.20GHz
stepping	: 3
microcode	: 0x1a
cpu MHz		: 3603.250
cache size	: 8192 KB
physical id	: 0
siblings	: 8
core id		: 1
cpu cores	: 4
apicid		: 2
initial apicid	: 2
fpu		: yes
fpu_exception	: yes
cpuid level	: 13
wp		: yes
flags		: fpu vme de pse tsc msr pae mce cx8 apic sep mtrr pge mca cmov pat pse36 clflush dts acpi mmx fxsr sse sse2 ss ht tm pbe syscall nx pdpe1gb rdtscp lm constant_tsc arch_perfmon pebs bts rep_good nopl xtopology nonstop_tsc aperfmperf eagerfpu pni pclmulqdq dtes64 monitor ds_cpl vmx smx est tm2 ssse3 sdbg fma cx16 xtpr pdcm pcid sse4_1 sse4_2 x2apic movbe popcnt tsc_deadline_timer aes xsave avx f16c rdrand lahf_lm abm epb tpr_shadow vnmi flexpriority ept vpid fsgsbase tsc_adjust bmi1 hle avx2 smep bmi2 erms invpcid rtm xsaveopt dtherm ida arat pln pts
bugs		:
bogomips	: 6385.64
clflush size	: 64
cache_alignment	: 64
address sizes	: 39 bits physical, 48 bits virtual
power management:

processor	: 2
vendor_id	: GenuineIntel
cpu family	: 6
model		: 60
model name	: Intel(R) Core(TM) i7-4790S CPU @ 3.20GHz
stepping	: 3
microcode	: 0x1a
cpu MHz		: 3600.000
cache size	: 8192 KB
physical id	: 0
siblings	: 8
core id		: 2
cpu cores	: 4
apicid		: 4
initial apicid	: 4
fpu		: yes
fpu_exception	: yes
cpuid level	: 13
wp		: yes
flags		: fpu vme de pse tsc msr pae mce cx8 apic sep mtrr pge mca cmov pat pse36 clflush dts acpi mmx fxsr sse sse2 ss ht tm pbe syscall nx pdpe1gb rdtscp lm constant_tsc arch_perfmon pebs bts rep_good nopl xtopology nonstop_tsc aperfmperf eagerfpu pni pclmulqdq dtes64 monitor ds_cpl vmx smx est tm2 ssse3 sdbg fma cx16 xtpr pdcm pcid sse4_1 sse4_2 x2apic movbe popcnt tsc_deadline_timer aes xsave avx f16c rdrand lahf_lm abm epb tpr_shadow vnmi flexpriority ept vpid fsgsbase tsc_adjust bmi1 hle avx2 smep bmi2 erms invpcid rtm xsaveopt dtherm ida arat pln pts
bugs		:
bogomips	: 6385.64
clflush size	: 64
cache_alignment	: 64
address sizes	: 39 bits physical, 48 bits virtual
power management:

processor	: 3
vendor_id	: GenuineIntel
cpu family	: 6
model		: 60
model name	: Intel(R) Core(TM) i7-4790S CPU @ 3.20GHz
stepping	: 3
microcode	: 0x1a
cpu MHz		: 3608.500
cache size	: 8192 KB
physical id	: 0
siblings	: 8
core id		: 3
cpu cores	: 4
apicid		: 6
initial apicid	: 6
fpu		: yes
fpu_exception	: yes
cpuid level	: 13
wp		: yes
flags		: fpu vme de pse tsc msr pae mce cx8 apic sep mtrr pge mca cmov pat pse36 clflush dts acpi mmx fxsr sse sse2 ss ht tm pbe syscall nx pdpe1gb rdtscp lm constant_tsc arch_perfmon pebs bts rep_good nopl xtopology nonstop_tsc aperfmperf eagerfpu pni pclmulqdq dtes64 monitor ds_cpl vmx smx est tm2 ssse3 sdbg fma cx16 xtpr pdcm pcid sse4_1 sse4_2 x2apic movbe popcnt tsc_deadline_timer aes xsave avx f16c rdrand lahf_lm abm epb tpr_shadow vnmi flexpriority ept vpid fsgsbase tsc_adjust bmi1 hle avx2 smep bmi2 erms invpcid rtm xsaveopt dtherm ida arat pln pts
bugs		:
bogomips	: 6385.64
clflush size	: 64
cache_alignment	: 64
address sizes	: 39 bits physical, 48 bits virtual
power management:

processor	: 4
vendor_id	: GenuineIntel
cpu family	: 6
model		: 60
model name	: Intel(R) Core(TM) i7-4790S CPU @ 3.20GHz
stepping	: 3
microcode	: 0x1a
cpu MHz		: 3608.125
cache size	: 8192 KB
physical id	: 0
siblings	: 8
core id		: 0
cpu cores	: 4
apicid		: 1
initial apicid	: 1
fpu		: yes
fpu_exception	: yes
cpuid level	: 13
wp		: yes
flags		: fpu vme de pse tsc msr pae mce cx8 apic sep mtrr pge mca cmov pat pse36 clflush dts acpi mmx fxsr sse sse2 ss ht tm pbe syscall nx pdpe1gb rdtscp lm constant_tsc arch_perfmon pebs bts rep_good nopl xtopology nonstop_tsc aperfmperf eagerfpu pni pclmulqdq dtes64 monitor ds_cpl vmx smx est tm2 ssse3 sdbg fma cx16 xtpr pdcm pcid sse4_1 sse4_2 x2apic movbe popcnt tsc_deadline_timer aes xsave avx f16c rdrand lahf_lm abm epb tpr_shadow vnmi flexpriority ept vpid fsgsbase tsc_adjust bmi1 hle avx2 smep bmi2 erms invpcid rtm xsaveopt dtherm ida arat pln pts
bugs		:
bogomips	: 6385.64
clflush size	: 64
cache_alignment	: 64
address sizes	: 39 bits physical, 48 bits virtual
power management:

processor	: 5
vendor_id	: GenuineIntel
cpu family	: 6
model		: 60
model name	: Intel(R) Core(TM) i7-4790S CPU @ 3.20GHz
stepping	: 3
microcode	: 0x1a
cpu MHz		: 3608.125
cache size	: 8192 KB
physical id	: 0
siblings	: 8
core id		: 1
cpu cores	: 4
apicid		: 3
initial apicid	: 3
fpu		: yes
fpu_exception	: yes
cpuid level	: 13
wp		: yes
flags		: fpu vme de pse tsc msr pae mce cx8 apic sep mtrr pge mca cmov pat pse36 clflush dts acpi mmx fxsr sse sse2 ss ht tm pbe syscall nx pdpe1gb rdtscp lm constant_tsc arch_perfmon pebs bts rep_good nopl xtopology nonstop_tsc aperfmperf eagerfpu pni pclmulqdq dtes64 monitor ds_cpl vmx smx est tm2 ssse3 sdbg fma cx16 xtpr pdcm pcid sse4_1 sse4_2 x2apic movbe popcnt tsc_deadline_timer aes xsave avx f16c rdrand lahf_lm abm epb tpr_shadow vnmi flexpriority ept vpid fsgsbase tsc_adjust bmi1 hle avx2 smep bmi2 erms invpcid rtm xsaveopt dtherm ida arat pln pts
bugs		:
bogomips	: 6385.64
clflush size	: 64
cache_alignment	: 64
address sizes	: 39 bits physical, 48 bits virtual
power management:

processor	: 6
vendor_id	: GenuineIntel
cpu family	: 6
model		: 60
model name	: Intel(R) Core(TM) i7-4790S CPU @ 3.20GHz
stepping	: 3
microcode	: 0x1a
cpu MHz		: 3600.000
cache size	: 8192 KB
physical id	: 0
siblings	: 8
core id		: 2
cpu cores	: 4
apicid		: 5
initial apicid	: 5
fpu		: yes
fpu_exception	: yes
cpuid level	: 13
wp		: yes
flags		: fpu vme de pse tsc msr pae mce cx8 apic sep mtrr pge mca cmov pat pse36 clflush dts acpi mmx fxsr sse sse2 ss ht tm pbe syscall nx pdpe1gb rdtscp lm constant_tsc arch_perfmon pebs bts rep_good nopl xtopology nonstop_tsc aperfmperf eagerfpu pni pclmulqdq dtes64 monitor ds_cpl vmx smx est tm2 ssse3 sdbg fma cx16 xtpr pdcm pcid sse4_1 sse4_2 x2apic movbe popcnt tsc_deadline_timer aes xsave avx f16c rdrand lahf_lm abm epb tpr_shadow vnmi flexpriority ept vpid fsgsbase tsc_adjust bmi1 hle avx2 smep bmi2 erms invpcid rtm xsaveopt dtherm ida arat pln pts
bugs		:
bogomips	: 6385.64
clflush size	: 64
cache_alignment	: 64
address sizes	: 39 bits physical, 48 bits virtual
power management:

processor	: 7
vendor_id	: GenuineIntel
cpu family	: 6
model		: 60
model name	: Intel(R) Core(TM) i7-4790S CPU @ 3.20GHz
stepping	: 3
microcode	: 0x1a
cpu MHz		: 3608.125
cache size	: 8192 KB
physical id	: 0
siblings	: 8
core id		: 3
cpu cores	: 4
apicid		: 7
initial apicid	: 7
fpu		: yes
fpu_exception	: yes
cpuid level	: 13
wp		: yes
flags		: fpu vme de pse tsc msr pae mce cx8 apic sep mtrr pge mca cmov pat pse36 clflush dts acpi mmx fxsr sse sse2 ss ht tm pbe syscall nx pdpe1gb rdtscp lm constant_tsc arch_perfmon pebs bts rep_good nopl xtopology nonstop_tsc aperfmperf eagerfpu pni pclmulqdq dtes64 monitor ds_cpl vmx smx est tm2 ssse3 sdbg fma cx16 xtpr pdcm pcid sse4_1 sse4_2 x2apic movbe popcnt tsc_deadline_timer aes xsave avx f16c rdrand lahf_lm abm epb tpr_shadow vnmi flexpriority ept vpid fsgsbase tsc_adjust bmi1 hle avx2 smep bmi2 erms invpcid rtm xsaveopt dtherm ida arat pln pts
bugs		:
bogomips	: 6385.64
clflush size	: 64
cache_alignment	: 64
address sizes	: 39 bits physical, 48 bits virtual
power management:



Memory: 4k page, physical 8096068k(3132064k free), swap 8309756k(8309756k free)

vm_info: Java HotSpot(TM) 64-Bit Server VM (24.80-b11) for linux-amd64 JRE (1.7.0_80-b15), built on Apr 10 2015 19:53:14 by "java_re" with gcc 4.3.0 20080428 (Red Hat 4.3.0-8)

time: Tue Aug  9 11:36:17 2016
elapsed time: 4 seconds

